<?xml version="1.0" encoding="UTF-8"?>
<!-- Generated by org.testng.reporters.JUnitReportReporter -->
<testsuite hostname="TTLAPTOP308" name="redirection.TestClass" tests="3" failures="0" timestamp="9 Apr 2018 05:57:34 GMT" time="85.486" errors="0">
  <testcase name="test" time="37.542" classname="redirection.TestClass"/>
  <testcase name="test" time="46.703" classname="redirection.TestClass"/>
  <testcase name="test" time="1.241" classname="redirection.TestClass"/>
</testsuite> <!-- redirection.TestClass -->
